#
# There is insufficient memory for the Java Runtime Environment to continue.
# Native memory allocation (malloc) failed to allocate 85983232 bytes for committing reserved memory.
# Possible reasons:
#   The system is out of physical RAM or swap space
#   In 32 bit mode, the process size limit was hit
# Possible solutions:
#   Reduce memory load on the system
#   Increase physical memory or swap space
#   Check if swap backing store is full
#   Use 64 bit Java on a 64 bit OS
#   Decrease Java heap size (-Xmx/-Xms)
#   Decrease number of Java threads
#   Decrease Java thread stack sizes (-Xss)
#   Set larger code cache with -XX:ReservedCodeCacheSize=
# This output file may be truncated or incomplete.
#
#  Out of Memory Error (os_linux.cpp:2809), pid=11679, tid=140224773474048
#
# JRE version: OpenJDK Runtime Environment (7.0_79-b14) (build 1.7.0_79-b14)
# Java VM: OpenJDK 64-Bit Server VM (24.79-b02 mixed mode linux-amd64 compressed oops)
# Derivative: IcedTea 2.5.5
# Distribution: Ubuntu 14.04 LTS, package 7u79-2.5.5-0ubuntu0.14.04.2
# Failed to write core dump. Core dumps have been disabled. To enable core dumping, try "ulimit -c unlimited" before starting Java again
#

---------------  T H R E A D  ---------------

Current thread (0x00007f88b4076000):  VMThread [stack: 0x00007f889fbfc000,0x00007f889fcfd000] [id=11713]

Stack: [0x00007f889fbfc000,0x00007f889fcfd000],  sp=0x00007f889fcfb490,  free space=1021k
Native frames: (J=compiled Java code, j=interpreted, Vv=VM code, C=native code)
V  [libjvm.so+0x94aec5]  VMError::report_and_die()+0x175
V  [libjvm.so+0x48b9c4]  report_vm_out_of_memory(char const*, int, unsigned long, char const*)+0x74
V  [libjvm.so+0x7c806b]  os::pd_commit_memory(char*, unsigned long, unsigned long, bool)+0xeb
V  [libjvm.so+0x7c2b0f]  os::commit_memory(char*, unsigned long, unsigned long, bool)+0x1f
V  [libjvm.so+0x83500b]  PSVirtualSpace::expand_by(unsigned long)+0x5b
V  [libjvm.so+0x835e60]  PSYoungGen::resize_generation(unsigned long, unsigned long)+0xb0
V  [libjvm.so+0x83654b]  PSYoungGen::resize(unsigned long, unsigned long)+0x1b
V  [libjvm.so+0x832830]  PSScavenge::invoke_no_policy()+0xde0
V  [libjvm.so+0x833008]  PSScavenge::invoke()+0x38
V  [libjvm.so+0x7e96f3]  ParallelScavengeHeap::failed_mem_allocate(unsigned long)+0x63
V  [libjvm.so+0x94c8c4]  VM_ParallelGCFailedAllocation::doit()+0x84
V  [libjvm.so+0x950dc7]  VM_Operation::evaluate()+0x47
V  [libjvm.so+0x94f738]  VMThread::evaluate_operation(VM_Operation*)+0x318
V  [libjvm.so+0x94fb99]  VMThread::loop()+0x219
V  [libjvm.so+0x94ffe2]  VMThread::run()+0x72
V  [libjvm.so+0x7c4f32]  java_start(Thread*)+0xf2

VM_Operation (0x00007f88ba42fb90): ParallelGCFailedAllocation, mode: safepoint, requested by thread 0x00007f88b400a800


---------------  P R O C E S S  ---------------

Java Threads: ( => current thread )
  0x00007f88b40ae800 JavaThread "Service Thread" daemon [_thread_blocked, id=11733, stack(0x00007f889ef14000,0x00007f889f015000)]
  0x00007f88b40ac000 JavaThread "C2 CompilerThread1" daemon [_thread_in_native, id=11732, stack(0x00007f889f015000,0x00007f889f116000)]
  0x00007f88b40a9000 JavaThread "C2 CompilerThread0" daemon [_thread_blocked, id=11729, stack(0x00007f889f116000,0x00007f889f217000)]
  0x00007f88b40a7000 JavaThread "Signal Dispatcher" daemon [_thread_blocked, id=11725, stack(0x00007f889f217000,0x00007f889f318000)]
  0x00007f88b407c000 JavaThread "Finalizer" daemon [_thread_blocked, id=11723, stack(0x00007f889f9fa000,0x00007f889fafb000)]
  0x00007f88b407a000 JavaThread "Reference Handler" daemon [_thread_blocked, id=11720, stack(0x00007f889fafb000,0x00007f889fbfc000)]
  0x00007f88b400a800 JavaThread "main" [_thread_blocked, id=11693, stack(0x00007f88ba331000,0x00007f88ba432000)]

Other Threads:
=>0x00007f88b4076000 VMThread [stack: 0x00007f889fbfc000,0x00007f889fcfd000] [id=11713]
  0x00007f88b40b9000 WatcherThread [stack: 0x00007f889ee13000,0x00007f889ef14000] [id=11735]

VM state:at safepoint (normal execution)

VM Mutex/Monitor currently owned by a thread:  ([mutex/lock_event])
[0x00007f88b4006970] Threads_lock - owner thread: 0x00007f88b4076000
[0x00007f88b4006e70] Heap_lock - owner thread: 0x00007f88b400a800

Heap
 PSYoungGen      total 66048K, used 2556K [0x00000000eaa80000, 0x00000000eed80000, 0x0000000100000000)
  eden space 63488K, 0% used [0x00000000eaa80000,0x00000000eaa80000,0x00000000ee880000)
  from space 2560K, 99% used [0x00000000ee880000,0x00000000eeaff1e0,0x00000000eeb00000)
  to   space 2560K, 0% used [0x00000000eeb00000,0x00000000eeb00000,0x00000000eed80000)
 ParOldGen       total 40960K, used 23137K [0x00000000c0000000, 0x00000000c2800000, 0x00000000eaa80000)
  object space 40960K, 56% used [0x00000000c0000000,0x00000000c1698480,0x00000000c2800000)
 PSPermGen       total 21504K, used 5896K [0x00000000b5a00000, 0x00000000b6f00000, 0x00000000c0000000)
  object space 21504K, 27% used [0x00000000b5a00000,0x00000000b5fc20c0,0x00000000b6f00000)

Card table byte_map: [0x00007f88afd1f000,0x00007f88aff73000] byte_map_base: 0x00007f88af772000

Polling page: 0x00007f88ba456000

Code Cache  [0x00007f88aff73000, 0x00007f88b01e3000, 0x00007f88b2f73000)
 total_blobs=735 nmethods=507 adapters=181 free_code_cache=47138Kb largest_free_block=48188800

Compilation events (10 events):
Event: 12.872 Thread 0x00007f88b40a9000 nmethod 510 0x00007f88b00b7110 code [0x00007f88b00b7280, 0x00007f88b00b7618]
Event: 12.872 Thread 0x00007f88b40a9000  511             com.android.dx.util.BitIntSet::merge (148 bytes)
Event: 12.881 Thread 0x00007f88b40a9000 nmethod 511 0x00007f88b0168dd0 code [0x00007f88b0168f40, 0x00007f88b0169238]
Event: 12.881 Thread 0x00007f88b40a9000  512             com.android.dx.rop.code.RegisterSpecList::withFirst (64 bytes)
Event: 12.913 Thread 0x00007f88b40a9000 nmethod 512 0x00007f88b016a750 code [0x00007f88b016a8c0, 0x00007f88b016abd8]
Event: 12.913 Thread 0x00007f88b40a9000  513             com.android.dx.ssa.back.FirstFitLocalCombiningAllocator::addMapping (76 bytes)
Event: 12.960 Thread 0x00007f88b40a9000 nmethod 513 0x00007f88b01653d0 code [0x00007f88b01655e0, 0x00007f88b0165f80]
Event: 12.960 Thread 0x00007f88b40a9000  514             com.android.dx.cf.code.OneLocalsArray::<init> (22 bytes)
Event: 12.962 Thread 0x00007f88b40a9000 nmethod 514 0x00007f88b01650d0 code [0x00007f88b0165220, 0x00007f88b0165338]
Event: 12.962 Thread 0x00007f88b40a9000  515   !         com.android.dx.cf.code.Ropper::doit (126 bytes)

GC Heap History (9 events):
Event: 2.208 GC heap before
{Heap before GC invocations=1 (full 0):
 PSYoungGen      total 18432K, used 15872K [0x00000000eaa80000, 0x00000000ebf00000, 0x0000000100000000)
  eden space 15872K, 100% used [0x00000000eaa80000,0x00000000eba00000,0x00000000eba00000)
  from space 2560K, 0% used [0x00000000ebc80000,0x00000000ebc80000,0x00000000ebf00000)
  to   space 2560K, 0% used [0x00000000eba00000,0x00000000eba00000,0x00000000ebc80000)
 ParOldGen       total 40960K, used 0K [0x00000000c0000000, 0x00000000c2800000, 0x00000000eaa80000)
  object space 40960K, 0% used [0x00000000c0000000,0x00000000c0000000,0x00000000c2800000)
 PSPermGen       total 21504K, used 5545K [0x00000000b5a00000, 0x00000000b6f00000, 0x00000000c0000000)
  object space 21504K, 25% used [0x00000000b5a00000,0x00000000b5f6a4b0,0x00000000b6f00000)
Event: 2.241 GC heap after
Heap after GC invocations=1 (full 0):
 PSYoungGen      total 18432K, used 2545K [0x00000000eaa80000, 0x00000000ece80000, 0x0000000100000000)
  eden space 15872K, 0% used [0x00000000eaa80000,0x00000000eaa80000,0x00000000eba00000)
  from space 2560K, 99% used [0x00000000eba00000,0x00000000ebc7c568,0x00000000ebc80000)
  to   space 2560K, 0% used [0x00000000ecc00000,0x00000000ecc00000,0x00000000ece80000)
 ParOldGen       total 40960K, used 1506K [0x00000000c0000000, 0x00000000c2800000, 0x00000000eaa80000)
  object space 40960K, 3% used [0x00000000c0000000,0x00000000c0178a80,0x00000000c2800000)
 PSPermGen       total 21504K, used 5545K [0x00000000b5a00000, 0x00000000b6f00000, 0x00000000c0000000)
  object space 21504K, 25% used [0x00000000b5a00000,0x00000000b5f6a4b0,0x00000000b6f00000)
}
Event: 3.789 GC heap before
{Heap before GC invocations=2 (full 0):
 PSYoungGen      total 18432K, used 18417K [0x00000000eaa80000, 0x00000000ece80000, 0x0000000100000000)
  eden space 15872K, 100% used [0x00000000eaa80000,0x00000000eba00000,0x00000000eba00000)
  from space 2560K, 99% used [0x00000000eba00000,0x00000000ebc7c568,0x00000000ebc80000)
  to   space 2560K, 0% used [0x00000000ecc00000,0x00000000ecc00000,0x00000000ece80000)
 ParOldGen       total 40960K, used 1506K [0x00000000c0000000, 0x00000000c2800000, 0x00000000eaa80000)
  object space 40960K, 3% used [0x00000000c0000000,0x00000000c0178a80,0x00000000c2800000)
 PSPermGen       total 21504K, used 5741K [0x00000000b5a00000, 0x00000000b6f00000, 0x00000000c0000000)
  object space 21504K, 26% used [0x00000000b5a00000,0x00000000b5f9b6d8,0x00000000b6f00000)
Event: 3.902 GC heap after
Heap after GC invocations=2 (full 0):
 PSYoungGen      total 34304K, used 2543K [0x00000000eaa80000, 0x00000000ece80000, 0x0000000100000000)
  eden space 31744K, 0% used [0x00000000eaa80000,0x00000000eaa80000,0x00000000ec980000)
  from space 2560K, 99% used [0x00000000ecc00000,0x00000000ece7bfd8,0x00000000ece80000)
  to   space 2560K, 0% used [0x00000000ec980000,0x00000000ec980000,0x00000000ecc00000)
 ParOldGen       total 40960K, used 3508K [0x00000000c0000000, 0x00000000c2800000, 0x00000000eaa80000)
  object space 40960K, 8% used [0x00000000c0000000,0x00000000c036d368,0x00000000c2800000)
 PSPermGen       total 21504K, used 5741K [0x00000000b5a00000, 0x00000000b6f00000, 0x00000000c0000000)
  object space 21504K, 26% used [0x00000000b5a00000,0x00000000b5f9b6d8,0x00000000b6f00000)
}
Event: 7.140 GC heap before
{Heap before GC invocations=3 (full 0):
 PSYoungGen      total 34304K, used 34287K [0x00000000eaa80000, 0x00000000ece80000, 0x0000000100000000)
  eden space 31744K, 100% used [0x00000000eaa80000,0x00000000ec980000,0x00000000ec980000)
  from space 2560K, 99% used [0x00000000ecc00000,0x00000000ece7bfd8,0x00000000ece80000)
  to   space 2560K, 0% used [0x00000000ec980000,0x00000000ec980000,0x00000000ecc00000)
 ParOldGen       total 40960K, used 3508K [0x00000000c0000000, 0x00000000c2800000, 0x00000000eaa80000)
  object space 40960K, 8% used [0x00000000c0000000,0x00000000c036d368,0x00000000c2800000)
 PSPermGen       total 21504K, used 5841K [0x00000000b5a00000, 0x00000000b6f00000, 0x00000000c0000000)
  object space 21504K, 27% used [0x00000000b5a00000,0x00000000b5fb47d0,0x00000000b6f00000)
Event: 7.198 GC heap after
Heap after GC invocations=3 (full 0):
 PSYoungGen      total 34304K, used 2535K [0x00000000eaa80000, 0x00000000eed80000, 0x0000000100000000)
  eden space 31744K, 0% used [0x00000000eaa80000,0x00000000eaa80000,0x00000000ec980000)
  from space 2560K, 99% used [0x00000000ec980000,0x00000000ecbf9ce8,0x00000000ecc00000)
  to   space 2560K, 0% used [0x00000000eeb00000,0x00000000eeb00000,0x00000000eed80000)
 ParOldGen       total 40960K, used 8892K [0x00000000c0000000, 0x00000000c2800000, 0x00000000eaa80000)
  object space 40960K, 21% used [0x00000000c0000000,0x00000000c08af0d8,0x00000000c2800000)
 PSPermGen       total 21504K, used 5841K [0x00000000b5a00000, 0x00000000b6f00000, 0x00000000c0000000)
  object space 21504K, 27% used [0x00000000b5a00000,0x00000000b5fb47d0,0x00000000b6f00000)
}
Event: 9.072 GC heap before
{Heap before GC invocations=4 (full 0):
 PSYoungGen      total 34304K, used 34279K [0x00000000eaa80000, 0x00000000eed80000, 0x0000000100000000)
  eden space 31744K, 100% used [0x00000000eaa80000,0x00000000ec980000,0x00000000ec980000)
  from space 2560K, 99% used [0x00000000ec980000,0x00000000ecbf9ce8,0x00000000ecc00000)
  to   space 2560K, 0% used [0x00000000eeb00000,0x00000000eeb00000,0x00000000eed80000)
 ParOldGen       total 40960K, used 8892K [0x00000000c0000000, 0x00000000c2800000, 0x00000000eaa80000)
  object space 40960K, 21% used [0x00000000c0000000,0x00000000c08af0d8,0x00000000c2800000)
 PSPermGen       total 21504K, used 5860K [0x00000000b5a00000, 0x00000000b6f00000, 0x00000000c0000000)
  object space 21504K, 27% used [0x00000000b5a00000,0x00000000b5fb93c8,0x00000000b6f00000)
Event: 9.132 GC heap after
Heap after GC invocations=4 (full 0):
 PSYoungGen      total 66048K, used 2542K [0x00000000eaa80000, 0x00000000eed80000, 0x0000000100000000)
  eden space 63488K, 0% used [0x00000000eaa80000,0x00000000eaa80000,0x00000000ee880000)
  from space 2560K, 99% used [0x00000000eeb00000,0x00000000eed7b908,0x00000000eed80000)
  to   space 2560K, 0% used [0x00000000ee880000,0x00000000ee880000,0x00000000eeb00000)
 ParOldGen       total 40960K, used 12761K [0x00000000c0000000, 0x00000000c2800000, 0x00000000eaa80000)
  object space 40960K, 31% used [0x00000000c0000000,0x00000000c0c767b8,0x00000000c2800000)
 PSPermGen       total 21504K, used 5860K [0x00000000b5a00000, 0x00000000b6f00000, 0x00000000c0000000)
  object space 21504K, 27% used [0x00000000b5a00000,0x00000000b5fb93c8,0x00000000b6f00000)
}
Event: 13.017 GC heap before
{Heap before GC invocations=5 (full 0):
 PSYoungGen      total 66048K, used 66030K [0x00000000eaa80000, 0x00000000eed80000, 0x0000000100000000)
  eden space 63488K, 100% used [0x00000000eaa80000,0x00000000ee880000,0x00000000ee880000)
  from space 2560K, 99% used [0x00000000eeb00000,0x00000000eed7b908,0x00000000eed80000)
  to   space 2560K, 0% used [0x00000000ee880000,0x00000000ee880000,0x00000000eeb00000)
 ParOldGen       total 40960K, used 12761K [0x00000000c0000000, 0x00000000c2800000, 0x00000000eaa80000)
  object space 40960K, 31% used [0x00000000c0000000,0x00000000c0c767b8,0x00000000c2800000)
 PSPermGen       total 21504K, used 5896K [0x00000000b5a00000, 0x00000000b6f00000, 0x00000000c0000000)
  object space 21504K, 27% used [0x00000000b5a00000,0x00000000b5fc20c0,0x00000000b6f00000)

Deoptimization events (10 events):
Event: 6.112 Thread 0x00007f88b400a800 Uncommon trap: reason=class_check action=maybe_recompile pc=0x00007f88b00a12d8 method=com.android.dx.cf.code.Ropper.processBlock(Lcom/android/dx/cf/code/ByteBlock;Lcom/android/dx/cf/code/Frame;[I)V @ 777
Event: 6.130 Thread 0x00007f88b400a800 Uncommon trap: reason=class_check action=maybe_recompile pc=0x00007f88b00a12d8 method=com.android.dx.cf.code.Ropper.processBlock(Lcom/android/dx/cf/code/ByteBlock;Lcom/android/dx/cf/code/Frame;[I)V @ 777
Event: 6.244 Thread 0x00007f88b400a800 Uncommon trap: reason=class_check action=maybe_recompile pc=0x00007f88b00a12d8 method=com.android.dx.cf.code.Ropper.processBlock(Lcom/android/dx/cf/code/ByteBlock;Lcom/android/dx/cf/code/Frame;[I)V @ 777
Event: 7.359 Thread 0x00007f88b400a800 Uncommon trap: reason=bimorphic action=maybe_recompile pc=0x00007f88b00b6680 method=com.android.dx.cf.code.BytecodeArray.parseInstruction(ILcom/android/dx/cf/code/BytecodeArray$Visitor;)I @ 939
Event: 7.359 Thread 0x00007f88b400a800 Uncommon trap: reason=bimorphic action=maybe_recompile pc=0x00007f88b00b6680 method=com.android.dx.cf.code.BytecodeArray.parseInstruction(ILcom/android/dx/cf/code/BytecodeArray$Visitor;)I @ 939
Event: 7.729 Thread 0x00007f88b400a800 Uncommon trap: reason=bimorphic action=maybe_recompile pc=0x00007f88b00b6778 method=com.android.dx.cf.code.BytecodeArray.parseInstruction(ILcom/android/dx/cf/code/BytecodeArray$Visitor;)I @ 971
Event: 7.729 Thread 0x00007f88b400a800 Uncommon trap: reason=bimorphic action=maybe_recompile pc=0x00007f88b00b6778 method=com.android.dx.cf.code.BytecodeArray.parseInstruction(ILcom/android/dx/cf/code/BytecodeArray$Visitor;)I @ 971
Event: 8.276 Thread 0x00007f88b400a800 Uncommon trap: reason=class_check action=maybe_recompile pc=0x00007f88b00a12d8 method=com.android.dx.cf.code.Ropper.processBlock(Lcom/android/dx/cf/code/ByteBlock;Lcom/android/dx/cf/code/Frame;[I)V @ 777
Event: 11.799 Thread 0x00007f88b400a800 Uncommon trap: reason=unreached action=reinterpret pc=0x00007f88b005c178 method=com.android.dx.rop.code.LocalVariableExtractor.processBlock(I)V @ 195
Event: 12.661 Thread 0x00007f88b400a800 Uncommon trap: reason=null_check action=make_not_entrant pc=0x00007f88b0161e80 method=com.android.dx.dex.file.FieldIdsSection.intern(Lcom/android/dx/rop/cst/CstFieldRef;)Lcom/android/dx/dex/file/FieldIdItem; @ 26

Internal exceptions (10 events):
Event: 3.946 Thread 0x00007f88b400a800 Threw 0x00000000eaad1888 at /build/buildd/openjdk-7-7u79-2.5.5/build/openjdk/hotspot/src/share/vm/prims/jvm.cpp:1284
Event: 3.957 Thread 0x00007f88b400a800 Threw 0x00000000eaad77d0 at /build/buildd/openjdk-7-7u79-2.5.5/build/openjdk/hotspot/src/share/vm/prims/jvm.cpp:1284
Event: 4.051 Thread 0x00007f88b400a800 Threw 0x00000000eab5db40 at /build/buildd/openjdk-7-7u79-2.5.5/build/openjdk/hotspot/src/share/vm/prims/jvm.cpp:1284
Event: 5.328 Thread 0x00007f88b400a800 Implicit null exception at 0x00007f88b003082d to 0x00007f88b0031d91
Event: 5.357 Thread 0x00007f88b400a800 Implicit null exception at 0x00007f88b0089dd3 to 0x00007f88b008a4fd
Event: 5.387 Thread 0x00007f88b400a800 Threw 0x00000000eb709070 at /build/buildd/openjdk-7-7u79-2.5.5/build/openjdk/hotspot/src/share/vm/prims/jvm.cpp:1284
Event: 5.395 Thread 0x00007f88b400a800 Threw 0x00000000eb71b820 at /build/buildd/openjdk-7-7u79-2.5.5/build/openjdk/hotspot/src/share/vm/prims/jvm.cpp:1284
Event: 6.034 Thread 0x00007f88b400a800 Threw 0x00000000ebdbef58 at /build/buildd/openjdk-7-7u79-2.5.5/build/openjdk/hotspot/src/share/vm/prims/jvm.cpp:1284
Event: 7.812 Thread 0x00007f88b400a800 Threw 0x00000000eb584748 at /build/buildd/openjdk-7-7u79-2.5.5/build/openjdk/hotspot/src/share/vm/prims/jvm.cpp:1284
Event: 10.500 Thread 0x00007f88b400a800 Threw 0x00000000ebe8c650 at /build/buildd/openjdk-7-7u79-2.5.5/build/openjdk/hotspot/src/share/vm/prims/jvm.cpp:1284

Events (10 events):
Event: 10.500 loading class 0x00007f88b4113db0 done
Event: 11.486 Thread 0x00007f88b40ac000 flushing nmethod 0x00007f88b00b34d0
Event: 11.799 Thread 0x00007f88b400a800 Uncommon trap: trap_request=0xffffffad fr.pc=0x00007f88b005c178
Event: 11.799 Thread 0x00007f88b400a800 DEOPT PACKING pc=0x00007f88b005c178 sp=0x00007f88ba430010
Event: 11.799 Thread 0x00007f88b400a800 DEOPT UNPACKING pc=0x00007f88affac445 sp=0x00007f88ba42ffb0 mode 2
Event: 12.585 Thread 0x00007f88b40a9000 flushing nmethod 0x00007f88b009d990
Event: 12.661 Thread 0x00007f88b400a800 Uncommon trap: trap_request=0xfffffff4 fr.pc=0x00007f88b0161e80
Event: 12.661 Thread 0x00007f88b400a800 DEOPT PACKING pc=0x00007f88b0161e80 sp=0x00007f88ba430270
Event: 12.661 Thread 0x00007f88b400a800 DEOPT UNPACKING pc=0x00007f88affac445 sp=0x00007f88ba4301c8 mode 2
Event: 13.013 Executing VM operation: ParallelGCFailedAllocation


Dynamic libraries:
00400000-00401000 r-xp 00000000 08:07 395385                             /usr/lib/jvm/java-7-openjdk-amd64/jre/bin/java
00600000-00601000 r--p 00000000 08:07 395385                             /usr/lib/jvm/java-7-openjdk-amd64/jre/bin/java
00601000-00602000 rw-p 00001000 08:07 395385                             /usr/lib/jvm/java-7-openjdk-amd64/jre/bin/java
02508000-02529000 rw-p 00000000 00:00 0                                  [heap]
b5a00000-b6f00000 rw-p 00000000 00:00 0 
b6f00000-c0000000 rw-p 00000000 00:00 0 
c0000000-c2800000 rw-p 00000000 00:00 0 
c2800000-eaa80000 rw-p 00000000 00:00 0 
eaa80000-eed80000 rw-p 00000000 00:00 0 
f3f80000-100000000 rw-p 00000000 00:00 0 
7f8874000000-7f8874021000 rw-p 00000000 00:00 0 
7f8874021000-7f8878000000 ---p 00000000 00:00 0 
7f887c000000-7f887cda4000 rw-p 00000000 00:00 0 
7f887cda4000-7f8880000000 ---p 00000000 00:00 0 
7f8880000000-7f8880021000 rw-p 00000000 00:00 0 
7f8880021000-7f8884000000 ---p 00000000 00:00 0 
7f8884000000-7f8884021000 rw-p 00000000 00:00 0 
7f8884021000-7f8888000000 ---p 00000000 00:00 0 
7f8888000000-7f8888dab000 rw-p 00000000 00:00 0 
7f8888dab000-7f888c000000 ---p 00000000 00:00 0 
7f888c000000-7f888c021000 rw-p 00000000 00:00 0 
7f888c021000-7f8890000000 ---p 00000000 00:00 0 
7f8890000000-7f8890021000 rw-p 00000000 00:00 0 
7f8890021000-7f8894000000 ---p 00000000 00:00 0 
7f8894000000-7f8894241000 rw-p 00000000 00:00 0 
7f8894241000-7f8898000000 ---p 00000000 00:00 0 
7f8898000000-7f8898021000 rw-p 00000000 00:00 0 
7f8898021000-7f889c000000 ---p 00000000 00:00 0 
7f889d664000-7f889d695000 rw-p 00000000 00:00 0 
7f889d695000-7f889d6d2000 r-xp 00000000 08:07 5195                       /lib/x86_64-linux-gnu/libpcre.so.3.13.1
7f889d6d2000-7f889d8d1000 ---p 0003d000 08:07 5195                       /lib/x86_64-linux-gnu/libpcre.so.3.13.1
7f889d8d1000-7f889d8d2000 r--p 0003c000 08:07 5195                       /lib/x86_64-linux-gnu/libpcre.so.3.13.1
7f889d8d2000-7f889d8d3000 rw-p 0003d000 08:07 5195                       /lib/x86_64-linux-gnu/libpcre.so.3.13.1
7f889d8d3000-7f889d8da000 r-xp 00000000 08:07 403590                     /usr/lib/x86_64-linux-gnu/libffi.so.6.0.1
7f889d8da000-7f889dad9000 ---p 00007000 08:07 403590                     /usr/lib/x86_64-linux-gnu/libffi.so.6.0.1
7f889dad9000-7f889dada000 r--p 00006000 08:07 403590                     /usr/lib/x86_64-linux-gnu/libffi.so.6.0.1
7f889dada000-7f889dadb000 rw-p 00007000 08:07 403590                     /usr/lib/x86_64-linux-gnu/libffi.so.6.0.1
7f889dadb000-7f889daf2000 r-xp 00000000 08:07 10598                      /lib/x86_64-linux-gnu/libresolv-2.19.so
7f889daf2000-7f889dcf2000 ---p 00017000 08:07 10598                      /lib/x86_64-linux-gnu/libresolv-2.19.so
7f889dcf2000-7f889dcf3000 r--p 00017000 08:07 10598                      /lib/x86_64-linux-gnu/libresolv-2.19.so
7f889dcf3000-7f889dcf4000 rw-p 00018000 08:07 10598                      /lib/x86_64-linux-gnu/libresolv-2.19.so
7f889dcf4000-7f889dcf6000 rw-p 00000000 00:00 0 
7f889dcf6000-7f889dd16000 r-xp 00000000 08:07 5558                       /lib/x86_64-linux-gnu/libselinux.so.1
7f889dd16000-7f889df15000 ---p 00020000 08:07 5558                       /lib/x86_64-linux-gnu/libselinux.so.1
7f889df15000-7f889df16000 r--p 0001f000 08:07 5558                       /lib/x86_64-linux-gnu/libselinux.so.1
7f889df16000-7f889df17000 rw-p 00020000 08:07 5558                       /lib/x86_64-linux-gnu/libselinux.so.1
7f889df17000-7f889df19000 rw-p 00000000 00:00 0 
7f889df19000-7f889df1c000 r-xp 00000000 08:07 442537                     /usr/lib/x86_64-linux-gnu/libgmodule-2.0.so.0.4002.0
7f889df1c000-7f889e11b000 ---p 00003000 08:07 442537                     /usr/lib/x86_64-linux-gnu/libgmodule-2.0.so.0.4002.0
7f889e11b000-7f889e11c000 r--p 00002000 08:07 442537                     /usr/lib/x86_64-linux-gnu/libgmodule-2.0.so.0.4002.0
7f889e11c000-7f889e11d000 rw-p 00003000 08:07 442537                     /usr/lib/x86_64-linux-gnu/libgmodule-2.0.so.0.4002.0
7f889e11d000-7f889e223000 r-xp 00000000 08:07 21675                      /lib/x86_64-linux-gnu/libglib-2.0.so.0.4002.0
7f889e223000-7f889e422000 ---p 00106000 08:07 21675                      /lib/x86_64-linux-gnu/libglib-2.0.so.0.4002.0
7f889e422000-7f889e423000 r--p 00105000 08:07 21675                      /lib/x86_64-linux-gnu/libglib-2.0.so.0.4002.0
7f889e423000-7f889e424000 rw-p 00106000 08:07 21675                      /lib/x86_64-linux-gnu/libglib-2.0.so.0.4002.0
7f889e424000-7f889e425000 rw-p 00000000 00:00 0 
7f889e425000-7f889e474000 r-xp 00000000 08:07 442539                     /usr/lib/x86_64-linux-gnu/libgobject-2.0.so.0.4002.0
7f889e474000-7f889e674000 ---p 0004f000 08:07 442539                     /usr/lib/x86_64-linux-gnu/libgobject-2.0.so.0.4002.0
7f889e674000-7f889e675000 r--p 0004f000 08:07 442539                     /usr/lib/x86_64-linux-gnu/libgobject-2.0.so.0.4002.0
7f889e675000-7f889e676000 rw-p 00050000 08:07 442539                     /usr/lib/x86_64-linux-gnu/libgobject-2.0.so.0.4002.0
7f889e676000-7f889e7e2000 r-xp 00000000 08:07 442541                     /usr/lib/x86_64-linux-gnu/libgio-2.0.so.0.4002.0
7f889e7e2000-7f889e9e1000 ---p 0016c000 08:07 442541                     /usr/lib/x86_64-linux-gnu/libgio-2.0.so.0.4002.0
7f889e9e1000-7f889e9e5000 r--p 0016b000 08:07 442541                     /usr/lib/x86_64-linux-gnu/libgio-2.0.so.0.4002.0
7f889e9e5000-7f889e9e7000 rw-p 0016f000 08:07 442541                     /usr/lib/x86_64-linux-gnu/libgio-2.0.so.0.4002.0
7f889e9e7000-7f889e9e9000 rw-p 00000000 00:00 0 
7f889e9e9000-7f889ea00000 r-xp 00000000 08:07 397357                     /usr/lib/jvm/java-7-openjdk-amd64/jre/lib/amd64/libnet.so
7f889ea00000-7f889ebff000 ---p 00017000 08:07 397357                     /usr/lib/jvm/java-7-openjdk-amd64/jre/lib/amd64/libnet.so
7f889ebff000-7f889ec00000 r--p 00016000 08:07 397357                     /usr/lib/jvm/java-7-openjdk-amd64/jre/lib/amd64/libnet.so
7f889ec00000-7f889ec01000 rw-p 00017000 08:07 397357                     /usr/lib/jvm/java-7-openjdk-amd64/jre/lib/amd64/libnet.so
7f889ec01000-7f889ec11000 r-xp 00000000 08:07 396661                     /usr/lib/jvm/java-7-openjdk-amd64/jre/lib/amd64/libnio.so
7f889ec11000-7f889ee11000 ---p 00010000 08:07 396661                     /usr/lib/jvm/java-7-openjdk-amd64/jre/lib/amd64/libnio.so
7f889ee11000-7f889ee12000 r--p 00010000 08:07 396661                     /usr/lib/jvm/java-7-openjdk-amd64/jre/lib/amd64/libnio.so
7f889ee12000-7f889ee13000 rw-p 00011000 08:07 396661                     /usr/lib/jvm/java-7-openjdk-amd64/jre/lib/amd64/libnio.so
7f889ee13000-7f889ee14000 ---p 00000000 00:00 0 
7f889ee14000-7f889ef14000 rw-p 00000000 00:00 0                          [stack:11735]
7f889ef14000-7f889ef17000 ---p 00000000 00:00 0 
7f889ef17000-7f889f015000 rw-p 00000000 00:00 0                          [stack:11733]
7f889f015000-7f889f018000 ---p 00000000 00:00 0 
7f889f018000-7f889f116000 rw-p 00000000 00:00 0                          [stack:11732]
7f889f116000-7f889f119000 ---p 00000000 00:00 0 
7f889f119000-7f889f217000 rw-p 00000000 00:00 0                          [stack:11729]
7f889f217000-7f889f21a000 ---p 00000000 00:00 0 
7f889f21a000-7f889f318000 rw-p 00000000 00:00 0                          [stack:11725]
7f889f318000-7f889f9fa000 r--p 00000000 08:07 400878                     /usr/lib/locale/locale-archive
7f889f9fa000-7f889f9fd000 ---p 00000000 00:00 0 
7f889f9fd000-7f889fafb000 rw-p 00000000 00:00 0                          [stack:11723]
7f889fafb000-7f889fafe000 ---p 00000000 00:00 0 
7f889fafe000-7f889fbfc000 rw-p 00000000 00:00 0                          [stack:11720]
7f889fbfc000-7f889fbfd000 ---p 00000000 00:00 0 
7f889fbfd000-7f88a0000000 rw-p 00000000 00:00 0                          [stack:11713]
7f88a0000000-7f88a0021000 rw-p 00000000 00:00 0 
7f88a0021000-7f88a4000000 ---p 00000000 00:00 0 
7f88a4000000-7f88a4021000 rw-p 00000000 00:00 0 
7f88a4021000-7f88a8000000 ---p 00000000 00:00 0 
7f88a8000000-7f88a8021000 rw-p 00000000 00:00 0 
7f88a8021000-7f88ac000000 ---p 00000000 00:00 0 
7f88ac033000-7f88acd2d000 rw-p 00000000 00:00 0 
7f88acd2d000-7f88acede000 r--s 01d27000 08:07 397912                     /usr/lib/jvm/java-7-openjdk-amd64/jre/lib/rt.jar
7f88acede000-7f88af772000 rw-p 00000000 00:00 0 
7f88af772000-7f88af773000 ---p 00000000 00:00 0 
7f88af773000-7f88af873000 rw-p 00000000 00:00 0                          [stack:11712]
7f88af873000-7f88af874000 ---p 00000000 00:00 0 
7f88af874000-7f88af974000 rw-p 00000000 00:00 0                          [stack:11707]
7f88af974000-7f88af975000 ---p 00000000 00:00 0 
7f88af975000-7f88afa75000 rw-p 00000000 00:00 0                          [stack:11704]
7f88afa75000-7f88afa76000 ---p 00000000 00:00 0 
7f88afa76000-7f88afb81000 rw-p 00000000 00:00 0                          [stack:11701]
7f88afb81000-7f88afbc9000 rw-p 00000000 00:00 0 
7f88afbc9000-7f88afbdd000 rw-p 00000000 00:00 0 
7f88afbdd000-7f88afd1f000 rw-p 00000000 00:00 0 
7f88afd1f000-7f88afd2a000 rw-p 00000000 00:00 0 
7f88afd2a000-7f88afd72000 rw-p 00000000 00:00 0 
7f88afd72000-7f88afd86000 rw-p 00000000 00:00 0 
7f88afd86000-7f88afec7000 rw-p 00000000 00:00 0 
7f88afec7000-7f88afee9000 rw-p 00000000 00:00 0 
7f88afee9000-7f88aff72000 rw-p 00000000 00:00 0 
7f88aff72000-7f88aff73000 rw-p 00000000 00:00 0 
7f88aff73000-7f88b01e3000 rwxp 00000000 00:00 0 
7f88b01e3000-7f88b2f73000 rw-p 00000000 00:00 0 
7f88b2f73000-7f88b2f7b000 r-xp 00000000 08:07 396653                     /usr/lib/jvm/java-7-openjdk-amd64/jre/lib/amd64/libzip.so
7f88b2f7b000-7f88b317a000 ---p 00008000 08:07 396653                     /usr/lib/jvm/java-7-openjdk-amd64/jre/lib/amd64/libzip.so
7f88b317a000-7f88b317b000 r--p 00007000 08:07 396653                     /usr/lib/jvm/java-7-openjdk-amd64/jre/lib/amd64/libzip.so
7f88b317b000-7f88b317c000 rw-p 00008000 08:07 396653                     /usr/lib/jvm/java-7-openjdk-amd64/jre/lib/amd64/libzip.so
7f88b317c000-7f88b3187000 r-xp 00000000 08:07 10602                      /lib/x86_64-linux-gnu/libnss_files-2.19.so
7f88b3187000-7f88b3386000 ---p 0000b000 08:07 10602                      /lib/x86_64-linux-gnu/libnss_files-2.19.so
7f88b3386000-7f88b3387000 r--p 0000a000 08:07 10602                      /lib/x86_64-linux-gnu/libnss_files-2.19.so
7f88b3387000-7f88b3388000 rw-p 0000b000 08:07 10602                      /lib/x86_64-linux-gnu/libnss_files-2.19.so
7f88b3388000-7f88b3393000 r-xp 00000000 08:07 10640                      /lib/x86_64-linux-gnu/libnss_nis-2.19.so
7f88b3393000-7f88b3592000 ---p 0000b000 08:07 10640                      /lib/x86_64-linux-gnu/libnss_nis-2.19.so
7f88b3592000-7f88b3593000 r--p 0000a000 08:07 10640                      /lib/x86_64-linux-gnu/libnss_nis-2.19.so
7f88b3593000-7f88b3594000 rw-p 0000b000 08:07 10640                      /lib/x86_64-linux-gnu/libnss_nis-2.19.so
7f88b3594000-7f88b35ab000 r-xp 00000000 08:07 10620                      /lib/x86_64-linux-gnu/libnsl-2.19.so
7f88b35ab000-7f88b37aa000 ---p 00017000 08:07 10620                      /lib/x86_64-linux-gnu/libnsl-2.19.so
7f88b37aa000-7f88b37ab000 r--p 00016000 08:07 10620                      /lib/x86_64-linux-gnu/libnsl-2.19.so
7f88b37ab000-7f88b37ac000 rw-p 00017000 08:07 10620                      /lib/x86_64-linux-gnu/libnsl-2.19.so
7f88b37ac000-7f88b37ae000 rw-p 00000000 00:00 0 
7f88b37ae000-7f88b37b7000 r-xp 00000000 08:07 10618                      /lib/x86_64-linux-gnu/libnss_compat-2.19.so
7f88b37b7000-7f88b39b6000 ---p 00009000 08:07 10618                      /lib/x86_64-linux-gnu/libnss_compat-2.19.so
7f88b39b6000-7f88b39b7000 r--p 00008000 08:07 10618                      /lib/x86_64-linux-gnu/libnss_compat-2.19.so
7f88b39b7000-7f88b39b8000 rw-p 00009000 08:07 10618                      /lib/x86_64-linux-gnu/libnss_compat-2.19.so
7f88b39b8000-7f88b39e3000 r-xp 00000000 08:07 397355                     /usr/lib/jvm/java-7-openjdk-amd64/jre/lib/amd64/libjava.so
7f88b39e3000-7f88b3be3000 ---p 0002b000 08:07 397355                     /usr/lib/jvm/java-7-openjdk-amd64/jre/lib/amd64/libjava.so
7f88b3be3000-7f88b3be4000 r--p 0002b000 08:07 397355                     /usr/lib/jvm/java-7-openjdk-amd64/jre/lib/amd64/libjava.so
7f88b3be4000-7f88b3be6000 rw-p 0002c000 08:07 397355                     /usr/lib/jvm/java-7-openjdk-amd64/jre/lib/amd64/libjava.so
7f88b3be6000-7f88b3bf6000 r-xp 00000000 08:07 397301                     /usr/lib/jvm/java-7-openjdk-amd64/jre/lib/amd64/libverify.so
7f88b3bf6000-7f88b3df5000 ---p 00010000 08:07 397301                     /usr/lib/jvm/java-7-openjdk-amd64/jre/lib/amd64/libverify.so
7f88b3df5000-7f88b3df7000 r--p 0000f000 08:07 397301                     /usr/lib/jvm/java-7-openjdk-amd64/jre/lib/amd64/libverify.so
7f88b3df7000-7f88b3df8000 rw-p 00011000 08:07 397301                     /usr/lib/jvm/java-7-openjdk-amd64/jre/lib/amd64/libverify.so
7f88b3df8000-7f88b3dff000 r-xp 00000000 08:07 10636                      /lib/x86_64-linux-gnu/librt-2.19.so
7f88b3dff000-7f88b3ffe000 ---p 00007000 08:07 10636                      /lib/x86_64-linux-gnu/librt-2.19.so
7f88b3ffe000-7f88b3fff000 r--p 00006000 08:07 10636                      /lib/x86_64-linux-gnu/librt-2.19.so
7f88b3fff000-7f88b4000000 rw-p 00007000 08:07 10636                      /lib/x86_64-linux-gnu/librt-2.19.so
7f88b4000000-7f88b41f7000 rw-p 00000000 00:00 0 
7f88b41f7000-7f88b8000000 ---p 00000000 00:00 0 
7f88b8006000-7f88b801c000 r-xp 00000000 08:07 57707                      /lib/x86_64-linux-gnu/libgcc_s.so.1
7f88b801c000-7f88b821b000 ---p 00016000 08:07 57707                      /lib/x86_64-linux-gnu/libgcc_s.so.1
7f88b821b000-7f88b821c000 rw-p 00015000 08:07 57707                      /lib/x86_64-linux-gnu/libgcc_s.so.1
7f88b821c000-7f88b8321000 r-xp 00000000 08:07 10600                      /lib/x86_64-linux-gnu/libm-2.19.so
7f88b8321000-7f88b8520000 ---p 00105000 08:07 10600                      /lib/x86_64-linux-gnu/libm-2.19.so
7f88b8520000-7f88b8521000 r--p 00104000 08:07 10600                      /lib/x86_64-linux-gnu/libm-2.19.so
7f88b8521000-7f88b8522000 rw-p 00105000 08:07 10600                      /lib/x86_64-linux-gnu/libm-2.19.so
7f88b8522000-7f88b8608000 r-xp 00000000 08:07 393289                     /usr/lib/x86_64-linux-gnu/libstdc++.so.6.0.19
7f88b8608000-7f88b8807000 ---p 000e6000 08:07 393289                     /usr/lib/x86_64-linux-gnu/libstdc++.so.6.0.19
7f88b8807000-7f88b880f000 r--p 000e5000 08:07 393289                     /usr/lib/x86_64-linux-gnu/libstdc++.so.6.0.19
7f88b880f000-7f88b8811000 rw-p 000ed000 08:07 393289                     /usr/lib/x86_64-linux-gnu/libstdc++.so.6.0.19
7f88b8811000-7f88b8826000 rw-p 00000000 00:00 0 
7f88b8826000-7f88b933e000 r-xp 00000000 08:07 397369                     /usr/lib/jvm/java-7-openjdk-amd64/jre/lib/amd64/server/libjvm.so
7f88b933e000-7f88b953e000 ---p 00b18000 08:07 397369                     /usr/lib/jvm/java-7-openjdk-amd64/jre/lib/amd64/server/libjvm.so
7f88b953e000-7f88b95d8000 r--p 00b18000 08:07 397369                     /usr/lib/jvm/java-7-openjdk-amd64/jre/lib/amd64/server/libjvm.so
7f88b95d8000-7f88b95fb000 rw-p 00bb2000 08:07 397369                     /usr/lib/jvm/java-7-openjdk-amd64/jre/lib/amd64/server/libjvm.so
7f88b95fb000-7f88b9629000 rw-p 00000000 00:00 0 
7f88b9629000-7f88b9641000 r-xp 00000000 08:07 5255                       /lib/x86_64-linux-gnu/libz.so.1.2.8
7f88b9641000-7f88b9840000 ---p 00018000 08:07 5255                       /lib/x86_64-linux-gnu/libz.so.1.2.8
7f88b9840000-7f88b9841000 r--p 00017000 08:07 5255                       /lib/x86_64-linux-gnu/libz.so.1.2.8
7f88b9841000-7f88b9842000 rw-p 00018000 08:07 5255                       /lib/x86_64-linux-gnu/libz.so.1.2.8
7f88b9842000-7f88b985b000 r-xp 00000000 08:07 10632                      /lib/x86_64-linux-gnu/libpthread-2.19.so
7f88b985b000-7f88b9a5a000 ---p 00019000 08:07 10632                      /lib/x86_64-linux-gnu/libpthread-2.19.so
7f88b9a5a000-7f88b9a5b000 r--p 00018000 08:07 10632                      /lib/x86_64-linux-gnu/libpthread-2.19.so
7f88b9a5b000-7f88b9a5c000 rw-p 00019000 08:07 10632                      /lib/x86_64-linux-gnu/libpthread-2.19.so
7f88b9a5c000-7f88b9a60000 rw-p 00000000 00:00 0 
7f88b9a60000-7f88b9a63000 r-xp 00000000 08:07 10608                      /lib/x86_64-linux-gnu/libdl-2.19.so
7f88b9a63000-7f88b9c62000 ---p 00003000 08:07 10608                      /lib/x86_64-linux-gnu/libdl-2.19.so
7f88b9c62000-7f88b9c63000 r--p 00002000 08:07 10608                      /lib/x86_64-linux-gnu/libdl-2.19.so
7f88b9c63000-7f88b9c64000 rw-p 00003000 08:07 10608                      /lib/x86_64-linux-gnu/libdl-2.19.so
7f88b9c64000-7f88b9e1f000 r-xp 00000000 08:07 10630                      /lib/x86_64-linux-gnu/libc-2.19.so
7f88b9e1f000-7f88ba01e000 ---p 001bb000 08:07 10630                      /lib/x86_64-linux-gnu/libc-2.19.so
7f88ba01e000-7f88ba022000 r--p 001ba000 08:07 10630                      /lib/x86_64-linux-gnu/libc-2.19.so
7f88ba022000-7f88ba024000 rw-p 001be000 08:07 10630                      /lib/x86_64-linux-gnu/libc-2.19.so
7f88ba024000-7f88ba029000 rw-p 00000000 00:00 0 
7f88ba029000-7f88ba036000 r-xp 00000000 08:07 396563                     /usr/lib/jvm/java-7-openjdk-amd64/jre/lib/amd64/jli/libjli.so
7f88ba036000-7f88ba235000 ---p 0000d000 08:07 396563                     /usr/lib/jvm/java-7-openjdk-amd64/jre/lib/amd64/jli/libjli.so
7f88ba235000-7f88ba236000 r--p 0000c000 08:07 396563                     /usr/lib/jvm/java-7-openjdk-amd64/jre/lib/amd64/jli/libjli.so
7f88ba236000-7f88ba237000 rw-p 0000d000 08:07 396563                     /usr/lib/jvm/java-7-openjdk-amd64/jre/lib/amd64/jli/libjli.so
7f88ba237000-7f88ba25a000 r-xp 00000000 08:07 10624                      /lib/x86_64-linux-gnu/ld-2.19.so
7f88ba25a000-7f88ba263000 r--s 00082000 08:08 920791                     /home/suraj/AndroidstudioProjects/Expandablelistex/app/build/intermediates/exploded-aar/com.android.support/appcompat-v7/22.1.1/jars/classes.jar
7f88ba263000-7f88ba271000 r--s 000dc000 08:08 919759                     /home/suraj/android/android-sdk-linux/build-tools/21.1.1/lib/dx.jar
7f88ba271000-7f88ba27b000 rw-p 00000000 00:00 0 
7f88ba27b000-7f88ba331000 rw-p 00000000 00:00 0 
7f88ba331000-7f88ba334000 ---p 00000000 00:00 0 
7f88ba334000-7f88ba437000 rw-p 00000000 00:00 0                          [stack:11693]
7f88ba439000-7f88ba43a000 rw-p 00000000 00:00 0 
7f88ba43a000-7f88ba43e000 r--s 00034000 08:07 398159                     /usr/lib/jvm/java-7-openjdk-amd64/jre/lib/ext/sunjce_provider.jar
7f88ba43e000-7f88ba441000 r--s 0000f000 08:07 398016                     /usr/lib/jvm/java-7-openjdk-amd64/jre/lib/ext/icedtea-sound.jar
7f88ba441000-7f88ba442000 r--s 00002000 08:07 398071                     /usr/lib/jvm/java-7-openjdk-amd64/jre/lib/ext/dnsns.jar
7f88ba442000-7f88ba446000 r--s 0003c000 08:07 398142                     /usr/lib/jvm/java-7-openjdk-amd64/jre/lib/ext/sunpkcs11.jar
7f88ba446000-7f88ba449000 r--s 00086000 08:07 398154                     /usr/lib/jvm/java-7-openjdk-amd64/jre/lib/ext/localedata.jar
7f88ba449000-7f88ba44b000 r--s 00012000 08:07 398173                     /usr/lib/jvm/java-7-openjdk-amd64/jre/lib/ext/zipfs.jar
7f88ba44b000-7f88ba44d000 r--s 00006000 08:07 557285                     /usr/share/java/java-atk-wrapper.jar
7f88ba44d000-7f88ba455000 rw-s 00000000 08:07 41438                      /tmp/hsperfdata_suraj/11679
7f88ba455000-7f88ba456000 rw-p 00000000 00:00 0 
7f88ba456000-7f88ba457000 ---p 00000000 00:00 0 
7f88ba457000-7f88ba459000 rw-p 00000000 00:00 0 
7f88ba459000-7f88ba45a000 r--p 00022000 08:07 10624                      /lib/x86_64-linux-gnu/ld-2.19.so
7f88ba45a000-7f88ba45b000 rw-p 00023000 08:07 10624                      /lib/x86_64-linux-gnu/ld-2.19.so
7f88ba45b000-7f88ba45c000 rw-p 00000000 00:00 0 
7fffe7772000-7fffe7794000 rw-p 00000000 00:00 0                          [stack]
7fffe77fc000-7fffe77fe000 r--p 00000000 00:00 0                          [vvar]
7fffe77fe000-7fffe7800000 r-xp 00000000 00:00 0                          [vdso]
ffffffffff600000-ffffffffff601000 r-xp 00000000 00:00 0                  [vsyscall]

VM Arguments:
jvm_args: -Xmx1024M -Dfile.encoding=UTF-8 -Duser.country=IN -Duser.language=en -Duser.variant 
java_command: com.android.dx.command.Main --dex --output /home/suraj/AndroidstudioProjects/Expandablelistex/app/build/intermediates/pre-dexed/debug/classes-34137d7fcc7dd185bdd71a0887404d63e254db18.jar /home/suraj/AndroidstudioProjects/Expandablelistex/app/build/intermediates/exploded-aar/com.android.support/appcompat-v7/22.1.1/jars/classes.jar
Launcher Type: SUN_STANDARD

Environment Variables:
JAVA_HOME=/usr/lib/jvm/java-8-oracle
PATH=/home/suraj/.rbenv/plugins/ruby-build/bin:/home/suraj/.rbenv/shims:/home/suraj/.rbenv/bin:/usr/local/sbin:/usr/local/bin:/usr/sbin:/usr/bin:/sbin:/bin:/usr/games:/usr/local/games:/usr/lib/jvm/java-8-oracle/bin:/usr/lib/jvm/java-8-oracle/db/bin:/usr/lib/jvm/java-8-oracle/jre/bin:/home/suraj/scripts/:/home/suraj/android/toolchain/arm-cortex_a8-linux-gnueabi-linaro_4.7.4-2014.04/bin:/home/suraj/android/android-sdk-linux/tools:/home/suraj/android/android-sdk-linux/platform-tools
LD_LIBRARY_PATH=/home/suraj/android-studio/bin:
SHELL=/bin/bash
DISPLAY=:0
ARCH=arm

Signal Handlers:
SIGSEGV: [libjvm.so+0x94b9a0], sa_mask[0]=0x7ffbfeff, sa_flags=0x10000004
SIGBUS: [libjvm.so+0x94b9a0], sa_mask[0]=0x7ffbfeff, sa_flags=0x10000004
SIGFPE: [libjvm.so+0x7c3880], sa_mask[0]=0x7ffbfeff, sa_flags=0x10000004
SIGPIPE: [libjvm.so+0x7c3880], sa_mask[0]=0x7ffbfeff, sa_flags=0x10000004
SIGXFSZ: [libjvm.so+0x7c3880], sa_mask[0]=0x7ffbfeff, sa_flags=0x10000004
SIGILL: [libjvm.so+0x7c3880], sa_mask[0]=0x7ffbfeff, sa_flags=0x10000004
SIGUSR1: SIG_DFL, sa_mask[0]=0x00000000, sa_flags=0x00000000
SIGUSR2: [libjvm.so+0x7c3720], sa_mask[0]=0x00000004, sa_flags=0x10000004
SIGHUP: [libjvm.so+0x7c3900], sa_mask[0]=0x7ffbfeff, sa_flags=0x10000004
SIGINT: [libjvm.so+0x7c3900], sa_mask[0]=0x7ffbfeff, sa_flags=0x10000004
SIGTERM: [libjvm.so+0x7c3900], sa_mask[0]=0x7ffbfeff, sa_flags=0x10000004
SIGQUIT: [libjvm.so+0x7c3900], sa_mask[0]=0x7ffbfeff, sa_flags=0x10000004
SIGTRAP: SIG_DFL, sa_mask[0]=0x00000000, sa_flags=0x00000000


---------------  S Y S T E M  ---------------

OS:Ubuntu 14.04 (trusty)
uname:Linux 3.17.0-031700-generic #201410060605 SMP Mon Oct 6 10:07:09 UTC 2014 x86_64
libc:glibc 2.19 NPTL 2.19 
rlimit: STACK 8192k, CORE 0k, NPROC 15261, NOFILE 4096, AS infinity
load average:4.86 1.94 1.18

/proc/meminfo:
MemTotal:        3952400 kB
MemFree:          108212 kB
MemAvailable:      54068 kB
Buffers:             552 kB
Cached:           580616 kB
SwapCached:            0 kB
Active:          3118556 kB
Inactive:         540924 kB
Active(anon):    3105664 kB
Inactive(anon):   528380 kB
Active(file):      12892 kB
Inactive(file):    12544 kB
Unevictable:          32 kB
Mlocked:              32 kB
SwapTotal:             0 kB
SwapFree:              0 kB
Dirty:               404 kB
Writeback:             0 kB
AnonPages:       3079900 kB
Mapped:           114828 kB
Shmem:            554216 kB
Slab:              68636 kB
SReclaimable:      35196 kB
SUnreclaim:        33440 kB
KernelStack:       11408 kB
PageTables:        36728 kB
NFS_Unstable:          0 kB
Bounce:                0 kB
WritebackTmp:          0 kB
CommitLimit:     1976200 kB
Committed_AS:    7377992 kB
VmallocTotal:   34359738367 kB
VmallocUsed:      352404 kB
VmallocChunk:   34359307372 kB
HardwareCorrupted:     0 kB
AnonHugePages:    940032 kB
HugePages_Total:       0
HugePages_Free:        0
HugePages_Rsvd:        0
HugePages_Surp:        0
Hugepagesize:       2048 kB
DirectMap4k:      109844 kB
DirectMap2M:     3989504 kB
DirectMap1G:           0 kB


CPU:total 4 (2 cores per cpu, 2 threads per core) family 6 model 69 stepping 1, cmov, cx8, fxsr, mmx, sse, sse2, sse3, ssse3, sse4.1, sse4.2, popcnt, avx, avx2, aes, erms, ht, tsc, tscinvbit

/proc/cpuinfo:
processor	: 0
vendor_id	: GenuineIntel
cpu family	: 6
model		: 69
model name	: Intel(R) Core(TM) i5-4200U CPU @ 1.60GHz
stepping	: 1
microcode	: 0x16
cpu MHz		: 1699.933
cache size	: 3072 KB
physical id	: 0
siblings	: 4
core id		: 0
cpu cores	: 2
apicid		: 0
initial apicid	: 0
fpu		: yes
fpu_exception	: yes
cpuid level	: 13
wp		: yes
flags		: fpu vme de pse tsc msr pae mce cx8 apic sep mtrr pge mca cmov pat pse36 clflush dts acpi mmx fxsr sse sse2 ss ht tm pbe syscall nx pdpe1gb rdtscp lm constant_tsc arch_perfmon pebs bts rep_good nopl xtopology nonstop_tsc aperfmperf eagerfpu pni pclmulqdq dtes64 monitor ds_cpl vmx est tm2 ssse3 fma cx16 xtpr pdcm pcid sse4_1 sse4_2 movbe popcnt tsc_deadline_timer aes xsave avx f16c rdrand lahf_lm abm ida arat epb pln pts dtherm tpr_shadow vnmi flexpriority ept vpid fsgsbase tsc_adjust bmi1 avx2 smep bmi2 erms invpcid xsaveopt
bugs		:
bogomips	: 4588.92
clflush size	: 64
cache_alignment	: 64
address sizes	: 39 bits physical, 48 bits virtual
power management:

processor	: 1
vendor_id	: GenuineIntel
cpu family	: 6
model		: 69
model name	: Intel(R) Core(TM) i5-4200U CPU @ 1.60GHz
stepping	: 1
microcode	: 0x16
cpu MHz		: 1699.933
cache size	: 3072 KB
physical id	: 0
siblings	: 4
core id		: 1
cpu cores	: 2
apicid		: 2
initial apicid	: 2
fpu		: yes
fpu_exception	: yes
cpuid level	: 13
wp		: yes
flags		: fpu vme de pse tsc msr pae mce cx8 apic sep mtrr pge mca cmov pat pse36 clflush dts acpi mmx fxsr sse sse2 ss ht tm pbe syscall nx pdpe1gb rdtscp lm constant_tsc arch_perfmon pebs bts rep_good nopl xtopology nonstop_tsc aperfmperf eagerfpu pni pclmulqdq dtes64 monitor ds_cpl vmx est tm2 ssse3 fma cx16 xtpr pdcm pcid sse4_1 sse4_2 movbe popcnt tsc_deadline_timer aes xsave avx f16c rdrand lahf_lm abm ida arat epb pln pts dtherm tpr_shadow vnmi flexpriority ept vpid fsgsbase tsc_adjust bmi1 avx2 smep bmi2 erms invpcid xsaveopt
bugs		:
bogomips	: 4588.92
clflush size	: 64
cache_alignment	: 64
address sizes	: 39 bits physical, 48 bits virtual
power management:

processor	: 2
vendor_id	: GenuineIntel
cpu family	: 6
model		: 69
model name	: Intel(R) Core(TM) i5-4200U CPU @ 1.60GHz
stepping	: 1
microcode	: 0x16
cpu MHz		: 1699.933
cache size	: 3072 KB
physical id	: 0
siblings	: 4
core id		: 0
cpu cores	: 2
apicid		: 1
initial apicid	: 1
fpu		: yes
fpu_exception	: yes
cpuid level	: 13
wp		: yes
flags		: fpu vme de pse tsc msr pae mce cx8 apic sep mtrr pge mca cmov pat pse36 clflush dts acpi mmx fxsr sse sse2 ss ht tm pbe syscall nx pdpe1gb rdtscp lm constant_tsc arch_perfmon pebs bts rep_good nopl xtopology nonstop_tsc aperfmperf eagerfpu pni pclmulqdq dtes64 monitor ds_cpl vmx est tm2 ssse3 fma cx16 xtpr pdcm pcid sse4_1 sse4_2 movbe popcnt tsc_deadline_timer aes xsave avx f16c rdrand lahf_lm abm ida arat epb pln pts dtherm tpr_shadow vnmi flexpriority ept vpid fsgsbase tsc_adjust bmi1 avx2 smep bmi2 erms invpcid xsaveopt
bugs		:
bogomips	: 4588.92
clflush size	: 64
cache_alignment	: 64
address sizes	: 39 bits physical, 48 bits virtual
power management:

processor	: 3
vendor_id	: GenuineIntel
cpu family	: 6
model		: 69
model name	: Intel(R) Core(TM) i5-4200U CPU @ 1.60GHz
stepping	: 1
microcode	: 0x16
cpu MHz		: 1699.933
cache size	: 3072 KB
physical id	: 0
siblings	: 4
core id		: 1
cpu cores	: 2
apicid		: 3
initial apicid	: 3
fpu		: yes
fpu_exception	: yes
cpuid level	: 13
wp		: yes
flags		: fpu vme de pse tsc msr pae mce cx8 apic sep mtrr pge mca cmov pat pse36 clflush dts acpi mmx fxsr sse sse2 ss ht tm pbe syscall nx pdpe1gb rdtscp lm constant_tsc arch_perfmon pebs bts rep_good nopl xtopology nonstop_tsc aperfmperf eagerfpu pni pclmulqdq dtes64 monitor ds_cpl vmx est tm2 ssse3 fma cx16 xtpr pdcm pcid sse4_1 sse4_2 movbe popcnt tsc_deadline_timer aes xsave avx f16c rdrand lahf_lm abm ida arat epb pln pts dtherm tpr_shadow vnmi flexpriority ept vpid fsgsbase tsc_adjust bmi1 avx2 smep bmi2 erms invpcid xsaveopt
bugs		:
bogomips	: 4588.92
clflush size	: 64
cache_alignment	: 64
address sizes	: 39 bits physical, 48 bits virtual
power management:



Memory: 4k page, physical 3952400k(108704k free), swap 0k(0k free)

vm_info: OpenJDK 64-Bit Server VM (24.79-b02) for linux-amd64 JRE (1.7.0_79-b14), built on Apr 16 2015 08:21:58 by "buildd" with gcc 4.8.2

time: Sun Aug 30 16:47:29 2015
elapsed time: 13 seconds

